#
# A fatal error has been detected by the Java Runtime Environment:
#
#  EXCEPTION_ACCESS_VIOLATION (0xc0000005) at pc=0x000007feef6b5764, pid=7604, tid=3672
#
# JRE version: OpenJDK Runtime Environment Temurin-17.0.1+12 (17.0.1+12) (build 17.0.1+12)
# Java VM: OpenJDK 64-Bit Server VM Temurin-17.0.1+12 (17.0.1+12, mixed mode, tiered, compressed oops, compressed class ptrs, g1 gc, windows-amd64)
# Problematic frame:
# C  [net.dll+0x5764]
#
# No core dump will be written. Minidumps are not enabled by default on client versions of Windows
#
# If you would like to submit a bug report, please visit:
#   https://github.com/adoptium/adoptium-support/issues
# The crash happened outside the Java Virtual Machine in native code.
# See problematic frame for where to report the bug.
#

---------------  S U M M A R Y ------------

Command Line: C:\Users\Anirban\AppData\Local\Temp\surefire11676426348119855204\surefirebooter14766666145635636374.jar C:\Users\Anirban\AppData\Local\Temp\surefire11676426348119855204 2022-04-07T14-17-09_519-jvmRun1 surefire5930310564024898592tmp surefire_0669260714141196680tmp

Host: ## __CPU__, 4 cores, 3G,  Windows 7 , 64 bit Build 7600 (6.1.7600.17135)
Time: Thu Apr  7 14:20:58 2022 India Standard Time elapsed time: 211.478845 seconds (0d 0h 3m 31s)

---------------  T H R E A D  ---------------

Current thread (0x0000000000306040):  JavaThread "main" [_thread_in_native, id=3672, stack(0x0000000002100000,0x0000000002200000)]

Stack: [0x0000000002100000,0x0000000002200000],  sp=0x00000000021fa900,  free space=1002k
Native frames: (J=compiled Java code, j=interpreted, Vv=VM code, C=native code)
C  [net.dll+0x5764]

Java frames: (J=compiled Java code, j=interpreted, Vv=VM code)
j  java.net.NetworkInterface.getAll()[Ljava/net/NetworkInterface;+0 java.base@17.0.1
j  java.net.NetworkInterface.getNetworkInterfaces()Ljava/util/Enumeration;+0 java.base@17.0.1
j  sun.security.provider.SeedGenerator.addNetworkAdapterInfo(Ljava/security/MessageDigest;)V+0 java.base@17.0.1
j  sun.security.provider.SeedGenerator$1.run()Ljava/lang/Void;+66 java.base@17.0.1
j  sun.security.provider.SeedGenerator$1.run()Ljava/lang/Object;+1 java.base@17.0.1
J 1056 c1 java.security.AccessController.doPrivileged(Ljava/security/PrivilegedAction;)Ljava/lang/Object; java.base@17.0.1 (9 bytes) @ 0x00000000063c64bc [0x00000000063c6360+0x000000000000015c]
j  sun.security.provider.SeedGenerator.getSystemEntropy()[B+40 java.base@17.0.1
j  sun.security.provider.AbstractDrbg$SeederHolder.<clinit>()V+28 java.base@17.0.1
v  ~StubRoutines::call_stub
j  sun.security.provider.AbstractDrbg.getEntropyInput(IIIZ)[B+87 java.base@17.0.1
j  sun.security.provider.AbstractDrbg.getEntropyInput(Z)[B+14 java.base@17.0.1
j  sun.security.provider.AbstractDrbg.instantiateIfNecessary([B)V+16 java.base@17.0.1
j  sun.security.provider.AbstractDrbg.engineNextBytes([BLjava/security/SecureRandomParameters;)V+162 java.base@17.0.1
j  sun.security.provider.AbstractDrbg.engineNextBytes([B)V+11 java.base@17.0.1
j  sun.security.provider.DRBG.engineNextBytes([B)V+5 java.base@17.0.1
j  java.security.SecureRandom.nextBytes([B)V+12 java.base@17.0.1
j  java.util.UUID.randomUUID()Ljava/util/UUID;+11 java.base@17.0.1
j  org.hibernate.id.uuid.LocalObjectUuidHelper.generateLocalObjectUuid()Ljava/lang/String;+0
j  org.hibernate.type.spi.TypeConfiguration.<init>()V+5
j  org.hibernate.boot.internal.BootstrapContextImpl.<init>(Lorg/hibernate/boot/registry/StandardServiceRegistry;Lorg/hibernate/boot/spi/MetadataBuildingOptions;)V+224
j  org.hibernate.boot.internal.MetadataBuilderImpl.<init>(Lorg/hibernate/boot/MetadataSources;Lorg/hibernate/boot/registry/StandardServiceRegistry;)V+31
j  org.hibernate.boot.MetadataSources.getMetadataBuilder(Lorg/hibernate/boot/registry/StandardServiceRegistry;)Lorg/hibernate/boot/MetadataBuilder;+6
j  org.hibernate.jpa.boot.internal.EntityManagerFactoryBuilderImpl.<init>(Lorg/hibernate/jpa/boot/spi/PersistenceUnitDescriptor;Ljava/util/Map;Ljava/lang/ClassLoader;Lorg/hibernate/boot/registry/classloading/spi/ClassLoaderService;)V+197
j  org.hibernate.jpa.boot.internal.EntityManagerFactoryBuilderImpl.<init>(Lorg/hibernate/jpa/boot/spi/PersistenceUnitDescriptor;Ljava/util/Map;)V+5
j  org.springframework.orm.jpa.vendor.SpringHibernateJpaPersistenceProvider.createContainerEntityManagerFactory(Ljavax/persistence/spi/PersistenceUnitInfo;Ljava/util/Map;)Ljavax/persistence/EntityManagerFactory;+52
j  org.springframework.orm.jpa.LocalContainerEntityManagerFactoryBean.createNativeEntityManagerFactory()Ljavax/persistence/EntityManagerFactory;+129
j  org.springframework.orm.jpa.AbstractEntityManagerFactoryBean.buildNativeEntityManagerFactory()Ljavax/persistence/EntityManagerFactory;+1
j  org.springframework.orm.jpa.AbstractEntityManagerFactoryBean.afterPropertiesSet()V+192
j  org.springframework.orm.jpa.LocalContainerEntityManagerFactoryBean.afterPropertiesSet()V+77
j  org.springframework.beans.factory.support.AbstractAutowireCapableBeanFactory.invokeInitMethods(Ljava/lang/String;Ljava/lang/Object;Lorg/springframework/beans/factory/support/RootBeanDefinition;)V+106
j  org.springframework.beans.factory.support.AbstractAutowireCapableBeanFactory.initializeBean(Ljava/lang/String;Ljava/lang/Object;Lorg/springframework/beans/factory/support/RootBeanDefinition;)Ljava/lang/Object;+59
j  org.springframework.beans.factory.support.AbstractAutowireCapableBeanFactory.doCreateBean(Ljava/lang/String;Lorg/springframework/beans/factory/support/RootBeanDefinition;[Ljava/lang/Object;)Ljava/lang/Object;+245
j  org.springframework.beans.factory.support.AbstractAutowireCapableBeanFactory.createBean(Ljava/lang/String;Lorg/springframework/beans/factory/support/RootBeanDefinition;[Ljava/lang/Object;)Ljava/lang/Object;+169
j  org.springframework.beans.factory.support.AbstractBeanFactory.lambda$doGetBean$0(Ljava/lang/String;Lorg/springframework/beans/factory/support/RootBeanDefinition;[Ljava/lang/Object;)Ljava/lang/Object;+4
j  org.springframework.beans.factory.support.AbstractBeanFactory$$Lambda$558+0x000000001aaf2638.getObject()Ljava/lang/Object;+16
j  org.springframework.beans.factory.support.DefaultSingletonBeanRegistry.getSingleton(Ljava/lang/String;Lorg/springframework/beans/factory/ObjectFactory;)Ljava/lang/Object;+132
J 3511 c1 org.springframework.beans.factory.support.AbstractBeanFactory.doGetBean(Ljava/lang/String;Ljava/lang/Class;[Ljava/lang/Object;Z)Ljava/lang/Object; (832 bytes) @ 0x00000000068fa144 [0x00000000068f8440+0x0000000000001d04]
j  org.springframework.beans.factory.support.AbstractBeanFactory.getBean(Ljava/lang/String;)Ljava/lang/Object;+5
j  org.springframework.context.support.AbstractApplicationContext.getBean(Ljava/lang/String;)Ljava/lang/Object;+9
j  org.springframework.context.support.AbstractApplicationContext.finishBeanFactoryInitialization(Lorg/springframework/beans/factory/config/ConfigurableListableBeanFactory;)V+100
j  org.springframework.context.support.AbstractApplicationContext.refresh()V+86
j  org.springframework.boot.SpringApplication.refresh(Lorg/springframework/context/ConfigurableApplicationContext;)V+1
j  org.springframework.boot.SpringApplication.refreshContext(Lorg/springframework/context/ConfigurableApplicationContext;)V+16
j  org.springframework.boot.SpringApplication.run([Ljava/lang/String;)Lorg/springframework/context/ConfigurableApplicationContext;+107
j  org.springframework.boot.test.context.SpringBootContextLoader.loadContext(Lorg/springframework/test/context/MergedContextConfiguration;)Lorg/springframework/context/ApplicationContext;+260
j  org.springframework.test.context.cache.DefaultCacheAwareContextLoaderDelegate.loadContextInternal(Lorg/springframework/test/context/MergedContextConfiguration;)Lorg/springframework/context/ApplicationContext;+27
j  org.springframework.test.context.cache.DefaultCacheAwareContextLoaderDelegate.loadContext(Lorg/springframework/test/context/MergedContextConfiguration;)Lorg/springframework/context/ApplicationContext;+24
j  org.springframework.test.context.support.DefaultTestContext.getApplicationContext()Lorg/springframework/context/ApplicationContext;+8
j  org.springframework.test.context.web.ServletTestExecutionListener.setUpRequestContextIfNecessary(Lorg/springframework/test/context/TestContext;)V+18
j  org.springframework.test.context.web.ServletTestExecutionListener.prepareTestInstance(Lorg/springframework/test/context/TestContext;)V+2
j  org.springframework.test.context.TestContextManager.prepareTestInstance(Ljava/lang/Object;)V+89
j  org.springframework.test.context.junit.jupiter.SpringExtension.postProcessTestInstance(Ljava/lang/Object;Lorg/junit/jupiter/api/extension/ExtensionContext;)V+10
j  org.junit.jupiter.engine.descriptor.ClassBasedTestDescriptor.lambda$invokeTestInstancePostProcessors$8(Lorg/junit/jupiter/api/extension/TestInstancePostProcessor;Ljava/lang/Object;Lorg/junit/jupiter/api/extension/ExtensionContext;)V+3
j  org.junit.jupiter.engine.descriptor.ClassBasedTestDescriptor$$Lambda$394+0x000000001aa07600.execute()V+12
j  org.junit.jupiter.engine.descriptor.ClassBasedTestDescriptor.executeAndMaskThrowable(Lorg/junit/jupiter/api/function/Executable;)V+1
j  org.junit.jupiter.engine.descriptor.ClassBasedTestDescriptor.lambda$invokeTestInstancePostProcessors$9(Ljava/lang/Object;Lorg/junit/jupiter/api/extension/ExtensionContext;Lorg/junit/jupiter/api/extension/TestInstancePostProcessor;)V+9
j  org.junit.jupiter.engine.descriptor.ClassBasedTestDescriptor$$Lambda$393+0x000000001aa071d8.accept(Ljava/lang/Object;)V+16
j  java.util.stream.StreamSpliterators$WrappingSpliterator$$Lambda$149+0x000000001a94e9d0.accept(Ljava/lang/Object;)V+5 java.base@17.0.1
j  java.util.stream.ReferencePipeline$3$1.accept(Ljava/lang/Object;)V+17 java.base@17.0.1
j  java.util.stream.ReferencePipeline$2$1.accept(Ljava/lang/Object;)V+21 java.base@17.0.1
j  java.util.ArrayList$ArrayListSpliterator.forEachRemaining(Ljava/util/function/Consumer;)V+95 java.base@17.0.1
j  java.util.stream.AbstractPipeline.copyInto(Ljava/util/stream/Sink;Ljava/util/Spliterator;)V+32 java.base@17.0.1
j  java.util.stream.AbstractPipeline.wrapAndCopyInto(Ljava/util/stream/Sink;Ljava/util/Spliterator;)Ljava/util/stream/Sink;+13 java.base@17.0.1
j  java.util.stream.StreamSpliterators$WrappingSpliterator.forEachRemaining(Ljava/util/function/Consumer;)V+42 java.base@17.0.1
j  java.util.stream.Streams$ConcatSpliterator.forEachRemaining(Ljava/util/function/Consumer;)V+22 java.base@17.0.1
j  java.util.stream.Streams$ConcatSpliterator.forEachRemaining(Ljava/util/function/Consumer;)V+12 java.base@17.0.1
j  java.util.stream.ReferencePipeline$Head.forEach(Ljava/util/function/Consumer;)V+12 java.base@17.0.1
j  org.junit.jupiter.engine.descriptor.ClassBasedTestDescriptor.invokeTestInstancePostProcessors(Ljava/lang/Object;Lorg/junit/jupiter/engine/extension/ExtensionRegistry;Lorg/junit/jupiter/api/extension/ExtensionContext;)V+17
j  org.junit.jupiter.engine.descriptor.ClassBasedTestDescriptor.lambda$instantiateAndPostProcessTestInstance$6(Lorg/junit/jupiter/api/extension/TestInstances;Lorg/junit/jupiter/engine/extension/ExtensionRegistry;Lorg/junit/jupiter/api/extension/ExtensionContext;Lorg/junit/jupiter/engine/extension/ExtensionRegistrar;)V+9
j  org.junit.jupiter.engine.descriptor.ClassBasedTestDescriptor$$Lambda$392+0x000000001aa06fb8.execute()V+20
j  org.junit.platform.engine.support.hierarchical.ThrowableCollector.execute(Lorg/junit/platform/engine/support/hierarchical/ThrowableCollector$Executable;)V+1
j  org.junit.jupiter.engine.descriptor.ClassBasedTestDescriptor.instantiateAndPostProcessTestInstance(Lorg/junit/jupiter/engine/execution/JupiterEngineExecutionContext;Lorg/junit/jupiter/api/extension/ExtensionContext;Lorg/junit/jupiter/engine/extension/ExtensionRegistry;Lorg/junit/jupiter/engine/extension/ExtensionRegistrar;Lorg/junit/platform/engine/support/hierarchical/ThrowableCollector;)Lorg/junit/jupiter/api/extension/TestInstances;+27
j  org.junit.jupiter.engine.descriptor.ClassBasedTestDescriptor.lambda$testInstancesProvider$4(Lorg/junit/jupiter/engine/execution/JupiterEngineExecutionContext;Lorg/junit/jupiter/engine/descriptor/ClassExtensionContext;Lorg/junit/jupiter/engine/extension/ExtensionRegistry;Lorg/junit/jupiter/engine/extension/ExtensionRegistrar;Lorg/junit/platform/engine/support/hierarchical/ThrowableCollector;)Lorg/junit/jupiter/api/extension/TestInstances;+8
j  org.junit.jupiter.engine.descriptor.ClassBasedTestDescriptor$$Lambda$387+0x000000001aa03820.get()Ljava/lang/Object;+24
j  java.util.Optional.orElseGet(Ljava/util/function/Supplier;)Ljava/lang/Object;+15 java.base@17.0.1
j  org.junit.jupiter.engine.descriptor.ClassBasedTestDescriptor.lambda$testInstancesProvider$5(Lorg/junit/jupiter/engine/descriptor/ClassExtensionContext;Lorg/junit/jupiter/engine/execution/JupiterEngineExecutionContext;Lorg/junit/jupiter/engine/extension/ExtensionRegistry;Lorg/junit/jupiter/engine/extension/ExtensionRegistrar;Lorg/junit/platform/engine/support/hierarchical/ThrowableCollector;)Lorg/junit/jupiter/api/extension/TestInstances;+17
j  org.junit.jupiter.engine.descriptor.ClassBasedTestDescriptor$$Lambda$287+0x000000001a93b040.getTestInstances(Lorg/junit/jupiter/engine/extension/ExtensionRegistry;Lorg/junit/jupiter/engine/extension/ExtensionRegistrar;Lorg/junit/platform/engine/support/hierarchical/ThrowableCollector;)Lorg/junit/jupiter/api/extension/TestInstances;+15
j  org.junit.jupiter.engine.execution.TestInstancesProvider.getTestInstances(Lorg/junit/jupiter/engine/extension/MutableExtensionRegistry;Lorg/junit/platform/engine/support/hierarchical/ThrowableCollector;)Lorg/junit/jupiter/api/extension/TestInstances;+4
j  org.junit.jupiter.engine.descriptor.TestMethodTestDescriptor.lambda$prepare$0(Lorg/junit/jupiter/engine/execution/JupiterEngineExecutionContext;Lorg/junit/jupiter/engine/extension/MutableExtensionRegistry;Lorg/junit/platform/engine/support/hierarchical/ThrowableCollector;Lorg/junit/jupiter/engine/descriptor/MethodExtensionContext;)V+6
j  org.junit.jupiter.engine.descriptor.TestMethodTestDescriptor$$Lambda$386+0x000000001aa03600.execute()V+16
j  org.junit.platform.engine.support.hierarchical.ThrowableCollector.execute(Lorg/junit/platform/engine/support/hierarchical/ThrowableCollector$Executable;)V+1
j  org.junit.jupiter.engine.descriptor.TestMethodTestDescriptor.prepare(Lorg/junit/jupiter/engine/execution/JupiterEngineExecutionContext;)Lorg/junit/jupiter/engine/execution/JupiterEngineExecutionContext;+44
j  org.junit.jupiter.engine.descriptor.TestMethodTestDescriptor.prepare(Lorg/junit/platform/engine/support/hierarchical/EngineExecutionContext;)Lorg/junit/platform/engine/support/hierarchical/EngineExecutionContext;+5
j  org.junit.platform.engine.support.hierarchical.NodeTestTask.lambda$prepare$2()V+9
j  org.junit.platform.engine.support.hierarchical.NodeTestTask$$Lambda$231+0x000000001a92e000.execute()V+4
j  org.junit.platform.engine.support.hierarchical.ThrowableCollector.execute(Lorg/junit/platform/engine/support/hierarchical/ThrowableCollector$Executable;)V+1
j  org.junit.platform.engine.support.hierarchical.NodeTestTask.prepare()V+10
j  org.junit.platform.engine.support.hierarchical.NodeTestTask.execute()V+17
j  org.junit.platform.engine.support.hierarchical.SameThreadHierarchicalTestExecutorService$$Lambda$250+0x000000001a933d90.accept(Ljava/lang/Object;)V+4
j  java.util.ArrayList.forEach(Ljava/util/function/Consumer;)V+46 java.base@17.0.1
j  org.junit.platform.engine.support.hierarchical.SameThreadHierarchicalTestExecutorService.invokeAll(Ljava/util/List;)V+6
j  org.junit.platform.engine.support.hierarchical.NodeTestTask.lambda$executeRecursively$6()V+116
j  org.junit.platform.engine.support.hierarchical.NodeTestTask$$Lambda$246+0x000000001a9332a0.execute()V+4
j  org.junit.platform.engine.support.hierarchical.ThrowableCollector.execute(Lorg/junit/platform/engine/support/hierarchical/ThrowableCollector$Executable;)V+1
j  org.junit.platform.engine.support.hierarchical.NodeTestTask.lambda$executeRecursively$8(Lorg/junit/platform/engine/support/hierarchical/EngineExecutionContext;)V+15
j  org.junit.platform.engine.support.hierarchical.NodeTestTask$$Lambda$245+0x000000001a933080.invoke(Lorg/junit/platform/engine/support/hierarchical/EngineExecutionContext;)V+5
j  org.junit.platform.engine.support.hierarchical.Node.around(Lorg/junit/platform/engine/support/hierarchical/EngineExecutionContext;Lorg/junit/platform/engine/support/hierarchical/Node$Invocation;)V+2
j  org.junit.platform.engine.support.hierarchical.NodeTestTask.lambda$executeRecursively$9()V+14
j  org.junit.platform.engine.support.hierarchical.NodeTestTask$$Lambda$244+0x000000001a932c68.execute()V+4
j  org.junit.platform.engine.support.hierarchical.ThrowableCollector.execute(Lorg/junit/platform/engine/support/hierarchical/ThrowableCollector$Executable;)V+1
j  org.junit.platform.engine.support.hierarchical.NodeTestTask.executeRecursively()V+31
j  org.junit.platform.engine.support.hierarchical.NodeTestTask.execute()V+55
j  org.junit.platform.engine.support.hierarchical.SameThreadHierarchicalTestExecutorService$$Lambda$250+0x000000001a933d90.accept(Ljava/lang/Object;)V+4
j  java.util.ArrayList.forEach(Ljava/util/function/Consumer;)V+46 java.base@17.0.1
j  org.junit.platform.engine.support.hierarchical.SameThreadHierarchicalTestExecutorService.invokeAll(Ljava/util/List;)V+6
j  org.junit.platform.engine.support.hierarchical.NodeTestTask.lambda$executeRecursively$6()V+116
j  org.junit.platform.engine.support.hierarchical.NodeTestTask$$Lambda$246+0x000000001a9332a0.execute()V+4
j  org.junit.platform.engine.support.hierarchical.ThrowableCollector.execute(Lorg/junit/platform/engine/support/hierarchical/ThrowableCollector$Executable;)V+1
j  org.junit.platform.engine.support.hierarchical.NodeTestTask.lambda$executeRecursively$8(Lorg/junit/platform/engine/support/hierarchical/EngineExecutionContext;)V+15
j  org.junit.platform.engine.support.hierarchical.NodeTestTask$$Lambda$245+0x000000001a933080.invoke(Lorg/junit/platform/engine/support/hierarchical/EngineExecutionContext;)V+5
j  org.junit.platform.engine.support.hierarchical.Node.around(Lorg/junit/platform/engine/support/hierarchical/EngineExecutionContext;Lorg/junit/platform/engine/support/hierarchical/Node$Invocation;)V+2
j  org.junit.platform.engine.support.hierarchical.NodeTestTask.lambda$executeRecursively$9()V+14
j  org.junit.platform.engine.support.hierarchical.NodeTestTask$$Lambda$244+0x000000001a932c68.execute()V+4
j  org.junit.platform.engine.support.hierarchical.ThrowableCollector.execute(Lorg/junit/platform/engine/support/hierarchical/ThrowableCollector$Executable;)V+1
j  org.junit.platform.engine.support.hierarchical.NodeTestTask.executeRecursively()V+31
j  org.junit.platform.engine.support.hierarchical.NodeTestTask.execute()V+55
j  org.junit.platform.engine.support.hierarchical.SameThreadHierarchicalTestExecutorService.submit(Lorg/junit/platform/engine/support/hierarchical/HierarchicalTestExecutorService$TestTask;)Ljava/util/concurrent/Future;+1
j  org.junit.platform.engine.support.hierarchical.HierarchicalTestExecutor.execute()Ljava/util/concurrent/Future;+74
j  org.junit.platform.engine.support.hierarchical.HierarchicalTestEngine.execute(Lorg/junit/platform/engine/ExecutionRequest;)V+31
j  org.junit.platform.launcher.core.DefaultLauncher.execute(Lorg/junit/platform/engine/TestEngine;Lorg/junit/platform/engine/ExecutionRequest;)V+2
j  org.junit.platform.launcher.core.DefaultLauncher.lambda$execute$6(Lorg/junit/platform/launcher/core/Root;Lorg/junit/platform/engine/ConfigurationParameters;Lorg/junit/platform/launcher/TestExecutionListener;)V+85
j  org.junit.platform.launcher.core.DefaultLauncher$$Lambda$210+0x000000001a923d60.accept(Ljava/lang/Object;)V+16
j  org.junit.platform.launcher.core.DefaultLauncher.withInterceptedStreams(Lorg/junit/platform/engine/ConfigurationParameters;Lorg/junit/platform/launcher/core/TestExecutionListenerRegistry;Ljava/util/function/Consumer;)V+43
j  org.junit.platform.launcher.core.DefaultLauncher.execute(Lorg/junit/platform/launcher/core/Root;Lorg/junit/platform/engine/ConfigurationParameters;[Lorg/junit/platform/launcher/TestExecutionListener;)V+19
j  org.junit.platform.launcher.core.DefaultLauncher.execute(Lorg/junit/platform/launcher/LauncherDiscoveryRequest;[Lorg/junit/platform/launcher/TestExecutionListener;)V+36
j  org.apache.maven.surefire.junitplatform.JUnitPlatformProvider.invokeAllTests(Lorg/apache/maven/surefire/util/TestsToRun;Lorg/apache/maven/surefire/report/RunListener;)V+26
j  org.apache.maven.surefire.junitplatform.JUnitPlatformProvider.invoke(Ljava/lang/Object;)Lorg/apache/maven/surefire/suite/RunResult;+80
j  org.apache.maven.surefire.booter.ForkedBooter.invokeProviderInSameClassLoader(Lorg/apache/maven/surefire/booter/ForkingReporterFactory;)Lorg/apache/maven/surefire/suite/RunResult;+9
j  org.apache.maven.surefire.booter.ForkedBooter.runSuitesInProcess()Lorg/apache/maven/surefire/suite/RunResult;+7
j  org.apache.maven.surefire.booter.ForkedBooter.execute()V+1
j  org.apache.maven.surefire.booter.ForkedBooter.main([Ljava/lang/String;)V+35
v  ~StubRoutines::call_stub

siginfo: EXCEPTION_ACCESS_VIOLATION (0xc0000005), reading address 0x0000000000391008


Register to memory mapping:

RIP=0x000007feef6b5764 net.dll
RAX=0x0000000000000001 is an unknown value
RBX=0x0000000060611a20 points into unknown readable memory: 0x0013001d00000002 | 02 00 00 00 1d 00 13 00
RCX=0x0 is NULL
RDX=0x0 is NULL
RSP=0x00000000021fa900 is pointing into the stack for thread: 0x0000000000306040
RBP=0x00000000000115f8 points into unknown readable memory: 0x0000000000000000 | 00 00 00 00 00 00 00 00
RSI=0x0000000060611a20 points into unknown readable memory: 0x0013001d00000002 | 02 00 00 00 1d 00 13 00
RDI=0x0000000000306040 is a thread
R8 =0x0000000000000001 is an unknown value
R9 =0x0000000060611a20 points into unknown readable memory: 0x0013001d00000002 | 02 00 00 00 1d 00 13 00
R10=0x0000000000000055 is an unknown value
R11=0x000000000000009f is an unknown value
R12=0x00000000021fa990 is pointing into the stack for thread: 0x0000000000306040
R13=0x0000000060610850 points into unknown readable memory: 0x000000005e5e7e60 | 60 7e 5e 5e 00 00 00 00
R14=0x0000000000005ca8 is an unknown value
R15=0x0000000000000022 is an unknown value


Registers:
RAX=0x0000000000000001, RBX=0x0000000060611a20, RCX=0x0000000000000000, RDX=0x0000000000000000
RSP=0x00000000021fa900, RBP=0x00000000000115f8, RSI=0x0000000060611a20, RDI=0x0000000000306040
R8 =0x0000000000000001, R9 =0x0000000060611a20, R10=0x0000000000000055, R11=0x000000000000009f
R12=0x00000000021fa990, R13=0x0000000060610850, R14=0x0000000000005ca8, R15=0x0000000000000022
RIP=0x000007feef6b5764, EFLAGS=0x0000000000010207

Top of Stack: (sp=0x00000000021fa900)
0x00000000021fa900:   00000000606119d0 0000000000000015
0x00000000021fa910:   00000000003062e8 000007feef6b6003
0x00000000021fa920:   00000000021faab0 00000000021fab68
0x00000000021fa930:   00000000ffffffff 0000000000000015
0x00000000021fa940:   0000000060610850 000007feef6b6ded
0x00000000021fa950:   00000000003062e8 00000000003062e8
0x00000000021fa960:   00000000021fa9f9 0000000060610850
0x00000000021fa970:   0000000000000000 0000000000000000
0x00000000021fa980:   0000000000306040 0000000060610f80
0x00000000021fa990:   0000000000306040 fffffffe00000000
0x00000000021fa9a0:   0000000000000000 0000000000000000
0x00000000021fa9b0:   0000000000306040 000007feefe65013
0x00000000021fa9c0:   00000000021fac40 0000000000306040
0x00000000021fa9d0:   0000000000000004 00000000000000b8
0x00000000021fa9e0:   00000000021faaf0 000007feefba1fd3
0x00000000021fa9f0:   000000005f1546a8 0000000000000007 

Instructions: (pc=0x000007feef6b5764)
0x000007feef6b5664:   ff ff 48 8b cb 48 8b 5b 40 ff 15 3d 9c 00 00 48
0x000007feef6b5674:   8b cb 48 85 db 75 ee e9 bf fb ff ff 48 8b cb 48
0x000007feef6b5684:   8b 5b 40 ff 15 23 9c 00 00 48 8b cb 48 85 db 75
0x000007feef6b5694:   ee e9 a5 fb ff ff 48 8b cb 48 8b 5b 40 ff 15 09
0x000007feef6b56a4:   9c 00 00 48 8b cb 48 85 db 75 ee e9 8b fb ff ff
0x000007feef6b56b4:   48 89 5c 24 08 48 89 74 24 10 57 48 83 ec 20 48
0x000007feef6b56c4:   8b f2 49 8b f8 48 8d 54 24 48 48 8b d9 e8 76 08
0x000007feef6b56d4:   00 00 85 c0 79 04 33 c0 eb 22 4c 8b 4c 24 48 4c
0x000007feef6b56e4:   8b c7 48 8b d6 48 8b cb e8 1f 00 00 00 48 8b 4c
0x000007feef6b56f4:   24 48 8b d8 ff 15 b2 9b 00 00 8b c3 48 8b 5c 24
0x000007feef6b5704:   30 48 8b 74 24 38 48 83 c4 20 5f c3 48 8b c4 48
0x000007feef6b5714:   89 58 10 48 89 68 18 48 89 70 20 48 89 48 08 57
0x000007feef6b5724:   41 54 41 55 41 56 41 57 48 83 ec 20 4c 8b ea 49
0x000007feef6b5734:   8b f9 33 d2 4d 8b e0 4d 85 c9 75 07 33 c0 e9 ec
0x000007feef6b5744:   00 00 00 44 8b fa 48 8b da 44 8b f2 41 39 11 0f
0x000007feef6b5754:   86 d3 00 00 00 41 8b c6 48 8d 2c 40 41 8b 45 10
0x000007feef6b5764:   39 44 ef 08 0f 85 ad 00 00 00 39 54 ef 04 0f 84
0x000007feef6b5774:   a3 00 00 00 b9 48 00 00 00 ff 15 35 9b 00 00 33
0x000007feef6b5784:   d2 48 8b f0 48 85 c0 0f 84 bf 00 00 00 44 8d 42
0x000007feef6b5794:   02 66 44 89 00 8b 44 ef 04 89 46 04 41 8b 45 14
0x000007feef6b57a4:   83 f8 18 77 0a b9 40 82 00 01 0f a3 c1 72 0a 83
0x000007feef6b57b4:   f8 47 74 05 83 c8 ff eb 49 66 44 89 46 1c ba 01
0x000007feef6b57c4:   00 00 00 8b 44 ef 0c 8b c8 23 4c ef 04 39 54 ef
0x000007feef6b57d4:   10 75 06 f7 d0 0b c1 eb 02 8b c1 89 46 20 8b 4c
0x000007feef6b57e4:   ef 0c ff 15 14 9a 00 00 33 d2 8b c8 66 89 56 38
0x000007feef6b57f4:   85 c0 74 12 8b c2 44 8d 42 01 66 41 03 c0 03 c9
0x000007feef6b5804:   75 f8 66 89 46 38 b8 01 00 00 00 48 89 5e 40 44
0x000007feef6b5814:   03 f8 48 8b de eb 05 b8 01 00 00 00 44 03 f0 44
0x000007feef6b5824:   3b 37 0f 82 2d ff ff ff 49 89 1c 24 41 8b c7 48
0x000007feef6b5834:   8b 5c 24 58 48 8b 6c 24 60 48 8b 74 24 68 48 83
0x000007feef6b5844:   c4 20 41 5f 41 5e 41 5d 41 5c 5f c3 48 8b 4c 24
0x000007feef6b5854:   50 48 8d 15 94 a2 00 00 e8 70 82 00 00 eb 0a 48 


Stack slot to memory mapping:
stack at sp + 0 slots: 0x00000000606119d0 points into unknown readable memory: 0x880000e200000002 | 02 00 00 00 e2 00 00 88
stack at sp + 1 slots: 0x0000000000000015 is an unknown value
stack at sp + 2 slots: 0x00000000003062e8 points into unknown readable memory: 0x000007fef031f7c0 | c0 f7 31 f0 fe 07 00 00
stack at sp + 3 slots: 0x000007feef6b6003 net.dll
stack at sp + 4 slots: 0x00000000021faab0 is pointing into the stack for thread: 0x0000000000306040
stack at sp + 5 slots: 0x00000000021fab68 is pointing into the stack for thread: 0x0000000000306040
stack at sp + 6 slots: 0x00000000ffffffff is an unallocated location in the heap
stack at sp + 7 slots: 0x0000000000000015 is an unknown value


---------------  P R O C E S S  ---------------

Threads class SMR info:
_java_thread_list=0x000000005eb125e0, length=16, elements={
0x0000000000306040, 0x000000001a5f5ee0, 0x000000001a5f6c60, 0x000000001a617e70,
0x000000001a618730, 0x000000001a618ff0, 0x000000001a634110, 0x000000001a638dc0,
0x000000001a63bad0, 0x000000001a640ba0, 0x000000005be06260, 0x000000005be171c0,
0x000000005be5d2a0, 0x000000005bfbeb60, 0x000000005e0a9bf0, 0x00000000634867f0
}

Java Threads: ( => current thread )
=>0x0000000000306040 JavaThread "main" [_thread_in_native, id=3672, stack(0x0000000002100000,0x0000000002200000)]
  0x000000001a5f5ee0 JavaThread "Reference Handler" daemon [_thread_blocked, id=7988, stack(0x000000001a2b0000,0x000000001a3b0000)]
  0x000000001a5f6c60 JavaThread "Finalizer" daemon [_thread_blocked, id=8124, stack(0x000000005b200000,0x000000005b300000)]
  0x000000001a617e70 JavaThread "Signal Dispatcher" daemon [_thread_blocked, id=6964, stack(0x000000005b4e0000,0x000000005b5e0000)]
  0x000000001a618730 JavaThread "Attach Listener" daemon [_thread_blocked, id=8052, stack(0x000000005b670000,0x000000005b770000)]
  0x000000001a618ff0 JavaThread "Service Thread" daemon [_thread_blocked, id=7744, stack(0x000000005b840000,0x000000005b940000)]
  0x000000001a634110 JavaThread "Monitor Deflation Thread" daemon [_thread_blocked, id=7276, stack(0x000000005b310000,0x000000005b410000)]
  0x000000001a638dc0 JavaThread "C2 CompilerThread0" daemon [_thread_blocked, id=7920, stack(0x000000005bad0000,0x000000005bbd0000)]
  0x000000001a63bad0 JavaThread "C1 CompilerThread0" daemon [_thread_blocked, id=5504, stack(0x000000005bc80000,0x000000005bd80000)]
  0x000000001a640ba0 JavaThread "Sweeper thread" daemon [_thread_blocked, id=4056, stack(0x000000005b9d0000,0x000000005bad0000)]
  0x000000005be06260 JavaThread "Notification Thread" daemon [_thread_blocked, id=8068, stack(0x000000005c2b0000,0x000000005c3b0000)]
  0x000000005be171c0 JavaThread "Common-Cleaner" daemon [_thread_blocked, id=4772, stack(0x000000005c640000,0x000000005c740000)]
  0x000000005be5d2a0 JavaThread "surefire-forkedjvm-command-thread" daemon [_thread_in_native, id=8040, stack(0x000000005c9d0000,0x000000005cad0000)]
  0x000000005bfbeb60 JavaThread "surefire-forkedjvm-ping-30s" daemon [_thread_blocked, id=8048, stack(0x000000005cc20000,0x000000005cd20000)]
  0x000000005e0a9bf0 JavaThread "SeedGenerator Thread" daemon [_thread_in_Java, id=7344, stack(0x000000005f970000,0x000000005fa70000)]
  0x00000000634867f0 JavaThread "SeedGenerator Thread" daemon [_thread_new, id=6264, stack(0x0000000000000000,0x0000000000000000)]

Other Threads:
  0x000000001a5e1940 VMThread "VM Thread" [stack: 0x000000005b090000,0x000000005b190000] [id=3736]
  0x000000005be06730 WatcherThread [stack: 0x000000005c470000,0x000000005c570000] [id=6192]
  0x000000000033a5f0 GCTaskThread "GC Thread#0" [stack: 0x0000000017990000,0x0000000017a90000] [id=7388]
  0x000000005d863830 GCTaskThread "GC Thread#1" [stack: 0x000000005c750000,0x000000005c850000] [id=7376]
  0x000000005d81f100 GCTaskThread "GC Thread#2" [stack: 0x000000005ce30000,0x000000005cf30000] [id=5668]
  0x000000005d8410c0 GCTaskThread "GC Thread#3" [stack: 0x000000005c1b0000,0x000000005c2b0000] [id=7284]
  0x0000000000345180 ConcurrentGCThread "G1 Main Marker" [stack: 0x00000000177d0000,0x00000000178d0000] [id=5092]
  0x0000000000347aa0 ConcurrentGCThread "G1 Conc#0" [stack: 0x0000000017bb0000,0x0000000017cb0000] [id=7592]
  0x000000000038f310 ConcurrentGCThread "G1 Refine#0" [stack: 0x000000001a150000,0x000000001a250000] [id=6940]
  0x000000005d809cd0 ConcurrentGCThread "G1 Refine#1" [stack: 0x000000005cd20000,0x000000005ce20000] [id=7652]
  0x000000000038fc40 ConcurrentGCThread "G1 Service" [stack: 0x000000001a440000,0x000000001a540000] [id=6952]

Threads with active compile tasks:

VM state: not at safepoint (normal execution)

VM Mutex/Monitor currently owned by a thread: None

Heap address: 0x00000000c1600000, size: 1002 MB, Compressed Oops mode: 32-bit

CDS archive(s) not mapped
Compressed class space mapped at: 0x000000001a800000-0x000000005a800000, reserved size: 1073741824
Narrow klass base: 0x0000000000000000, Narrow klass shift: 0, Narrow klass range: 0x5a800000

GC Precious Log:
 CPUs: 4 total, 4 available
 Memory: 4007M
 Large Page Support: Disabled
 NUMA Support: Disabled
 Compressed Oops: Enabled (32-bit)
 Heap Region Size: 1M
 Heap Min Capacity: 8M
 Heap Initial Capacity: 64M
 Heap Max Capacity: 1002M
 Pre-touch: Disabled
 Parallel Workers: 4
 Concurrent Workers: 1
 Concurrent Refinement Workers: 4
 Periodic GC: Disabled

Heap:
 garbage-first heap   total 48128K, used 28617K [0x00000000c1600000, 0x0000000100000000)
  region size 1024K, 7 young (7168K), 2 survivors (2048K)
 Metaspace       used 47947K, committed 48320K, reserved 1097728K
  class space    used 6020K, committed 6208K, reserved 1048576K

Heap Regions: E=young(eden), S=young(survivor), O=old, HS=humongous(starts), HC=humongous(continues), CS=collection set, F=free, OA=open archive, CA=closed archive, TAMS=top-at-mark-start (previous, next)
|   0|0x00000000c1600000, 0x00000000c1700000, 0x00000000c1700000|100%|HS|  |TAMS 0x00000000c1700000, 0x00000000c1600000| Complete 
|   1|0x00000000c1700000, 0x00000000c1800000, 0x00000000c1800000|100%| O|  |TAMS 0x00000000c1800000, 0x00000000c1700000| Untracked 
|   2|0x00000000c1800000, 0x00000000c1900000, 0x00000000c1900000|100%| O|  |TAMS 0x00000000c1900000, 0x00000000c1800000| Untracked 
|   3|0x00000000c1900000, 0x00000000c1a00000, 0x00000000c1a00000|100%| O|  |TAMS 0x00000000c1a00000, 0x00000000c1900000| Untracked 
|   4|0x00000000c1a00000, 0x00000000c1b00000, 0x00000000c1b00000|100%| O|  |TAMS 0x00000000c1b00000, 0x00000000c1a00000| Untracked 
|   5|0x00000000c1b00000, 0x00000000c1c00000, 0x00000000c1c00000|100%| O|  |TAMS 0x00000000c1c00000, 0x00000000c1b00000| Untracked 
|   6|0x00000000c1c00000, 0x00000000c1d00000, 0x00000000c1d00000|100%| O|  |TAMS 0x00000000c1d00000, 0x00000000c1c00000| Untracked 
|   7|0x00000000c1d00000, 0x00000000c1e00000, 0x00000000c1e00000|100%| O|  |TAMS 0x00000000c1e00000, 0x00000000c1d00000| Untracked 
|   8|0x00000000c1e00000, 0x00000000c1f00000, 0x00000000c1f00000|100%| O|  |TAMS 0x00000000c1f00000, 0x00000000c1e00000| Untracked 
|   9|0x00000000c1f00000, 0x00000000c1f84200, 0x00000000c2000000| 51%| O|  |TAMS 0x00000000c1f84200, 0x00000000c1f00000| Untracked 
|  10|0x00000000c2000000, 0x00000000c2100000, 0x00000000c2100000|100%| O|  |TAMS 0x00000000c2100000, 0x00000000c2000000| Untracked 
|  11|0x00000000c2100000, 0x00000000c2200000, 0x00000000c2200000|100%| O|  |TAMS 0x00000000c2200000, 0x00000000c2100000| Untracked 
|  12|0x00000000c2200000, 0x00000000c2300000, 0x00000000c2300000|100%| O|  |TAMS 0x00000000c2300000, 0x00000000c2200000| Untracked 
|  13|0x00000000c2300000, 0x00000000c2400000, 0x00000000c2400000|100%| O|  |TAMS 0x00000000c2400000, 0x00000000c2300000| Untracked 
|  14|0x00000000c2400000, 0x00000000c2500000, 0x00000000c2500000|100%| O|  |TAMS 0x00000000c2500000, 0x00000000c2400000| Untracked 
|  15|0x00000000c2500000, 0x00000000c2600000, 0x00000000c2600000|100%| O|  |TAMS 0x00000000c2600000, 0x00000000c2500000| Untracked 
|  16|0x00000000c2600000, 0x00000000c2700000, 0x00000000c2700000|100%| O|  |TAMS 0x00000000c2700000, 0x00000000c2600000| Untracked 
|  17|0x00000000c2700000, 0x00000000c2800000, 0x00000000c2800000|100%| O|  |TAMS 0x00000000c2800000, 0x00000000c2700000| Untracked 
|  18|0x00000000c2800000, 0x00000000c2900000, 0x00000000c2900000|100%| O|  |TAMS 0x00000000c2900000, 0x00000000c2800000| Untracked 
|  19|0x00000000c2900000, 0x00000000c2a00000, 0x00000000c2a00000|100%| O|  |TAMS 0x00000000c2a00000, 0x00000000c2900000| Untracked 
|  20|0x00000000c2a00000, 0x00000000c2b00000, 0x00000000c2b00000|100%| O|  |TAMS 0x00000000c2b00000, 0x00000000c2a00000| Untracked 
|  21|0x00000000c2b00000, 0x00000000c2c00000, 0x00000000c2c00000|100%| O|  |TAMS 0x00000000c2b34200, 0x00000000c2b00000| Untracked 
|  22|0x00000000c2c00000, 0x00000000c2d00000, 0x00000000c2d00000|100%| O|  |TAMS 0x00000000c2c00000, 0x00000000c2c00000| Untracked 
|  23|0x00000000c2d00000, 0x00000000c2d3a600, 0x00000000c2e00000| 22%| O|  |TAMS 0x00000000c2d00000, 0x00000000c2d00000| Untracked 
|  24|0x00000000c2e00000, 0x00000000c2e00000, 0x00000000c2f00000|  0%| F|  |TAMS 0x00000000c2e00000, 0x00000000c2e00000| Untracked 
|  25|0x00000000c2f00000, 0x00000000c2f00000, 0x00000000c3000000|  0%| F|  |TAMS 0x00000000c2f00000, 0x00000000c2f00000| Untracked 
|  26|0x00000000c3000000, 0x00000000c3000000, 0x00000000c3100000|  0%| F|  |TAMS 0x00000000c3000000, 0x00000000c3000000| Untracked 
|  27|0x00000000c3100000, 0x00000000c3100000, 0x00000000c3200000|  0%| F|  |TAMS 0x00000000c3100000, 0x00000000c3100000| Untracked 
|  28|0x00000000c3200000, 0x00000000c3200000, 0x00000000c3300000|  0%| F|  |TAMS 0x00000000c3200000, 0x00000000c3200000| Untracked 
|  29|0x00000000c3300000, 0x00000000c3300000, 0x00000000c3400000|  0%| F|  |TAMS 0x00000000c3300000, 0x00000000c3300000| Untracked 
|  30|0x00000000c3400000, 0x00000000c3400000, 0x00000000c3500000|  0%| F|  |TAMS 0x00000000c3400000, 0x00000000c3400000| Untracked 
|  31|0x00000000c3500000, 0x00000000c3533cd0, 0x00000000c3600000| 20%| S|CS|TAMS 0x00000000c3500000, 0x00000000c3500000| Complete 
|  32|0x00000000c3600000, 0x00000000c3700000, 0x00000000c3700000|100%| S|CS|TAMS 0x00000000c3600000, 0x00000000c3600000| Complete 
|  33|0x00000000c3700000, 0x00000000c3700000, 0x00000000c3800000|  0%| F|  |TAMS 0x00000000c3700000, 0x00000000c3700000| Untracked 
|  34|0x00000000c3800000, 0x00000000c3800000, 0x00000000c3900000|  0%| F|  |TAMS 0x00000000c3800000, 0x00000000c3800000| Untracked 
|  35|0x00000000c3900000, 0x00000000c3900000, 0x00000000c3a00000|  0%| F|  |TAMS 0x00000000c3900000, 0x00000000c3900000| Untracked 
|  36|0x00000000c3a00000, 0x00000000c3a00000, 0x00000000c3b00000|  0%| F|  |TAMS 0x00000000c3a00000, 0x00000000c3a00000| Untracked 
|  37|0x00000000c3b00000, 0x00000000c3b00000, 0x00000000c3c00000|  0%| F|  |TAMS 0x00000000c3b00000, 0x00000000c3b00000| Untracked 
|  38|0x00000000c3c00000, 0x00000000c3c00000, 0x00000000c3d00000|  0%| F|  |TAMS 0x00000000c3c00000, 0x00000000c3c00000| Untracked 
|  39|0x00000000c3d00000, 0x00000000c3d00000, 0x00000000c3e00000|  0%| F|  |TAMS 0x00000000c3d00000, 0x00000000c3d00000| Untracked 
|  40|0x00000000c3e00000, 0x00000000c3e00000, 0x00000000c3f00000|  0%| F|  |TAMS 0x00000000c3e00000, 0x00000000c3e00000| Untracked 
|  41|0x00000000c3f00000, 0x00000000c3f00000, 0x00000000c4000000|  0%| F|  |TAMS 0x00000000c3f00000, 0x00000000c3f00000| Untracked 
|  42|0x00000000c4000000, 0x00000000c40890b0, 0x00000000c4100000| 53%| E|  |TAMS 0x00000000c4000000, 0x00000000c4000000| Complete 
|  43|0x00000000c4100000, 0x00000000c4200000, 0x00000000c4200000|100%| E|CS|TAMS 0x00000000c4100000, 0x00000000c4100000| Complete 
|  44|0x00000000c4200000, 0x00000000c4300000, 0x00000000c4300000|100%| E|CS|TAMS 0x00000000c4200000, 0x00000000c4200000| Complete 
|  45|0x00000000c4300000, 0x00000000c4400000, 0x00000000c4400000|100%| E|CS|TAMS 0x00000000c4300000, 0x00000000c4300000| Complete 
|  63|0x00000000c5500000, 0x00000000c5600000, 0x00000000c5600000|100%| E|CS|TAMS 0x00000000c5500000, 0x00000000c5500000| Complete 

Card table byte_map: [0x0000000015460000,0x0000000015660000] _byte_map_base: 0x0000000014e55000

Marking Bits (Prev, Next): (CMBitMap*) 0x000000000033ab50, (CMBitMap*) 0x000000000033ab10
 Prev Bits: [0x0000000016810000, 0x00000000177b8000)
 Next Bits: [0x0000000015860000, 0x0000000016808000)

Polling page: 0x0000000000130000

Metaspace:

Usage:
  Non-class:     40.94 MB used.
      Class:      5.88 MB used.
       Both:     46.82 MB used.

Virtual space:
  Non-class space:       48.00 MB reserved,      41.13 MB ( 86%) committed,  6 nodes.
      Class space:        1.00 GB reserved,       6.06 MB ( <1%) committed,  1 nodes.
             Both:        1.05 GB reserved,      47.19 MB (  4%) committed. 

Chunk freelists:
   Non-Class:  2.86 MB
       Class:  1.90 MB
        Both:  4.76 MB

MaxMetaspaceSize: unlimited
CompressedClassSpaceSize: 1.00 GB
Initial GC threshold: 21.00 MB
Current GC threshold: 77.00 MB
CDS: off
MetaspaceReclaimPolicy: balanced
 - commit_granule_bytes: 65536.
 - commit_granule_words: 8192.
 - virtual_space_node_default_size: 1048576.
 - enlarge_chunks_in_place: 1.
 - new_chunks_are_fully_committed: 0.
 - uncommit_free_chunks: 1.
 - use_allocation_guard: 0.
 - handle_deallocations: 1.


Internal statistics:

num_allocs_failed_limit: 6.
num_arena_births: 412.
num_arena_deaths: 0.
num_vsnodes_births: 7.
num_vsnodes_deaths: 0.
num_space_committed: 755.
num_space_uncommitted: 0.
num_chunks_returned_to_freelist: 6.
num_chunks_taken_from_freelist: 1849.
num_chunk_merges: 6.
num_chunk_splits: 1263.
num_chunks_enlarged: 953.
num_purges: 0.
num_inconsistent_stats: 0.

CodeHeap 'non-profiled nmethods': size=120000Kb used=2634Kb max_used=2634Kb free=117365Kb
 bounds [0x000000000d710000, 0x000000000d9b0000, 0x0000000014c40000]
CodeHeap 'profiled nmethods': size=120000Kb used=10152Kb max_used=10152Kb free=109847Kb
 bounds [0x00000000061e0000, 0x0000000006bd0000, 0x000000000d710000]
CodeHeap 'non-nmethods': size=5760Kb used=1202Kb max_used=1271Kb free=4558Kb
 bounds [0x0000000005c40000, 0x0000000005eb0000, 0x00000000061e0000]
 total_blobs=4994 nmethods=4490 adapters=417
 compilation: enabled
              stopped_count=0, restarted_count=0
 full_count=0

Compilation events (20 events):
Event: 210.909 Thread 0x000000001a638dc0 nmethod 4522 0x000000000d99d610 code [0x000000000d99d780, 0x000000000d99d818]
Event: 210.909 Thread 0x000000001a638dc0 4524       4       java.lang.invoke.VarHandleGuards::guard_LI_I (78 bytes)
Event: 210.923 Thread 0x000000001a63bad0 4525 % !   3       sun.security.provider.SeedGenerator$ThreadedSeedGenerator::run @ 109 (263 bytes)
Event: 210.928 Thread 0x000000001a63bad0 nmethod 4525% 0x0000000006bbb990 code [0x0000000006bbbc20, 0x0000000006bbca78]
Event: 210.929 Thread 0x000000001a63bad0 4526   !   3       sun.security.provider.SeedGenerator$ThreadedSeedGenerator::run (263 bytes)
Event: 210.932 Thread 0x000000001a63bad0 nmethod 4526 0x0000000006bbd310 code [0x0000000006bbd5a0, 0x0000000006bbe2b8]
Event: 210.934 Thread 0x000000001a63bad0 4528       3       sun.security.provider.SHA::implCompress (13 bytes)
Event: 210.935 Thread 0x000000001a63bad0 nmethod 4528 0x0000000006bbea10 code [0x0000000006bbec00, 0x0000000006bbf048]
Event: 210.937 Thread 0x000000001a63bad0 4530       3       sun.security.provider.ByteArrayAccess::b2iBig64 (231 bytes)
Event: 210.940 Thread 0x000000001a638dc0 nmethod 4524 0x000000000d99d910 code [0x000000000d99dae0, 0x000000000d99e2a8]
Event: 210.940 Thread 0x000000001a638dc0 4529 % !   4       sun.security.provider.SeedGenerator$ThreadedSeedGenerator::run @ 109 (263 bytes)
Event: 210.947 Thread 0x000000001a638dc0 nmethod 4529% 0x000000000d99e810 code [0x000000000d99e980, 0x000000000d99ec18]
Event: 210.948 Thread 0x000000001a638dc0 4527       4       java.lang.invoke.VarHandleByteArrayAsInts$ArrayHandle::get (36 bytes)
Event: 210.951 Thread 0x000000001a638dc0 nmethod 4527 0x000000000d99ed90 code [0x000000000d99ef20, 0x000000000d99f058]
Event: 210.954 Thread 0x000000001a638dc0 4531 %     4       sun.security.provider.SHA::implCompress0 @ 27 (506 bytes)
Event: 210.967 Thread 0x000000001a63bad0 nmethod 4530 0x0000000006bbf210 code [0x0000000006bbfd80, 0x0000000006bc6858]
Event: 210.969 Thread 0x000000001a63bad0 4532       1       java.nio.charset.CharsetEncoder::maxBytesPerChar (5 bytes)
Event: 210.969 Thread 0x000000001a63bad0 nmethod 4532 0x000000000d99f210 code [0x000000000d99f3a0, 0x000000000d99f478]
Event: 210.969 Thread 0x000000001a63bad0 4533       1       sun.nio.cs.SingleByte$Encoder::isASCIICompatible (5 bytes)
Event: 210.969 Thread 0x000000001a63bad0 nmethod 4533 0x000000000d99f510 code [0x000000000d99f6a0, 0x000000000d99f778]

GC Heap History (20 events):
Event: 79.419 GC heap before
{Heap before GC invocations=7 (full 0):
 garbage-first heap   total 48128K, used 32892K [0x00000000c1600000, 0x0000000100000000)
  region size 1024K, 20 young (20480K), 1 survivors (1024K)
 Metaspace       used 26466K, committed 26688K, reserved 1073152K
  class space    used 3057K, committed 3136K, reserved 1048576K
}
Event: 79.423 GC heap after
{Heap after GC invocations=8 (full 0):
 garbage-first heap   total 48128K, used 14318K [0x00000000c1600000, 0x0000000100000000)
  region size 1024K, 1 young (1024K), 1 survivors (1024K)
 Metaspace       used 26466K, committed 26688K, reserved 1073152K
  class space    used 3057K, committed 3136K, reserved 1048576K
}
Event: 88.444 GC heap before
{Heap before GC invocations=8 (full 0):
 garbage-first heap   total 48128K, used 34798K [0x00000000c1600000, 0x0000000100000000)
  region size 1024K, 21 young (21504K), 1 survivors (1024K)
 Metaspace       used 29235K, committed 29504K, reserved 1081344K
  class space    used 3471K, committed 3584K, reserved 1048576K
}
Event: 88.465 GC heap after
{Heap after GC invocations=9 (full 0):
 garbage-first heap   total 48128K, used 15811K [0x00000000c1600000, 0x0000000100000000)
  region size 1024K, 2 young (2048K), 2 survivors (2048K)
 Metaspace       used 29235K, committed 29504K, reserved 1081344K
  class space    used 3471K, committed 3584K, reserved 1048576K
}
Event: 90.739 GC heap before
{Heap before GC invocations=9 (full 0):
 garbage-first heap   total 48128K, used 35267K [0x00000000c1600000, 0x0000000100000000)
  region size 1024K, 21 young (21504K), 2 survivors (2048K)
 Metaspace       used 33151K, committed 33408K, reserved 1081344K
  class space    used 3928K, committed 4032K, reserved 1048576K
}
Event: 90.763 GC heap after
{Heap after GC invocations=10 (full 0):
 garbage-first heap   total 48128K, used 16576K [0x00000000c1600000, 0x0000000100000000)
  region size 1024K, 1 young (1024K), 1 survivors (1024K)
 Metaspace       used 33151K, committed 33408K, reserved 1081344K
  class space    used 3928K, committed 4032K, reserved 1048576K
}
Event: 96.176 GC heap before
{Heap before GC invocations=10 (full 0):
 garbage-first heap   total 48128K, used 36032K [0x00000000c1600000, 0x0000000100000000)
  region size 1024K, 21 young (21504K), 1 survivors (1024K)
 Metaspace       used 33542K, committed 33792K, reserved 1081344K
  class space    used 3963K, committed 4096K, reserved 1048576K
}
Event: 96.223 GC heap after
{Heap after GC invocations=11 (full 0):
 garbage-first heap   total 48128K, used 17522K [0x00000000c1600000, 0x0000000100000000)
  region size 1024K, 2 young (2048K), 2 survivors (2048K)
 Metaspace       used 33542K, committed 33792K, reserved 1081344K
  class space    used 3963K, committed 4096K, reserved 1048576K
}
Event: 100.047 GC heap before
{Heap before GC invocations=11 (full 0):
 garbage-first heap   total 48128K, used 36978K [0x00000000c1600000, 0x0000000100000000)
  region size 1024K, 21 young (21504K), 2 survivors (2048K)
 Metaspace       used 35556K, committed 35840K, reserved 1081344K
  class space    used 4215K, committed 4352K, reserved 1048576K
}
Event: 100.078 GC heap after
{Heap after GC invocations=12 (full 0):
 garbage-first heap   total 48128K, used 18631K [0x00000000c1600000, 0x0000000100000000)
  region size 1024K, 3 young (3072K), 3 survivors (3072K)
 Metaspace       used 35556K, committed 35840K, reserved 1081344K
  class space    used 4215K, committed 4352K, reserved 1048576K
}
Event: 100.731 GC heap before
{Heap before GC invocations=12 (full 0):
 garbage-first heap   total 48128K, used 20679K [0x00000000c1600000, 0x0000000100000000)
  region size 1024K, 6 young (6144K), 3 survivors (3072K)
 Metaspace       used 35719K, committed 35968K, reserved 1081344K
  class space    used 4235K, committed 4352K, reserved 1048576K
}
Event: 100.752 GC heap after
{Heap after GC invocations=13 (full 0):
 garbage-first heap   total 48128K, used 18680K [0x00000000c1600000, 0x0000000100000000)
  region size 1024K, 2 young (2048K), 2 survivors (2048K)
 Metaspace       used 35719K, committed 35968K, reserved 1081344K
  class space    used 4235K, committed 4352K, reserved 1048576K
}
Event: 129.968 GC heap before
{Heap before GC invocations=14 (full 0):
 garbage-first heap   total 48128K, used 37112K [0x00000000c1600000, 0x0000000100000000)
  region size 1024K, 20 young (20480K), 2 survivors (2048K)
 Metaspace       used 38226K, committed 38528K, reserved 1089536K
  class space    used 4698K, committed 4800K, reserved 1048576K
}
Event: 129.993 GC heap after
{Heap after GC invocations=15 (full 0):
 garbage-first heap   total 48128K, used 19646K [0x00000000c1600000, 0x0000000100000000)
  region size 1024K, 3 young (3072K), 3 survivors (3072K)
 Metaspace       used 38226K, committed 38528K, reserved 1089536K
  class space    used 4698K, committed 4800K, reserved 1048576K
}
Event: 134.397 GC heap before
{Heap before GC invocations=15 (full 0):
 garbage-first heap   total 48128K, used 37054K [0x00000000c1600000, 0x0000000100000000)
  region size 1024K, 20 young (20480K), 3 survivors (3072K)
 Metaspace       used 41175K, committed 41472K, reserved 1089536K
  class space    used 5061K, committed 5184K, reserved 1048576K
}
Event: 134.439 GC heap after
{Heap after GC invocations=16 (full 0):
 garbage-first heap   total 48128K, used 21251K [0x00000000c1600000, 0x0000000100000000)
  region size 1024K, 3 young (3072K), 3 survivors (3072K)
 Metaspace       used 41175K, committed 41472K, reserved 1089536K
  class space    used 5061K, committed 5184K, reserved 1048576K
}
Event: 161.219 GC heap before
{Heap before GC invocations=16 (full 0):
 garbage-first heap   total 48128K, used 37635K [0x00000000c1600000, 0x0000000100000000)
  region size 1024K, 19 young (19456K), 3 survivors (3072K)
 Metaspace       used 44109K, committed 44480K, reserved 1089536K
  class space    used 5444K, committed 5632K, reserved 1048576K
}
Event: 161.268 GC heap after
{Heap after GC invocations=17 (full 0):
 garbage-first heap   total 48128K, used 23265K [0x00000000c1600000, 0x0000000100000000)
  region size 1024K, 2 young (2048K), 2 survivors (2048K)
 Metaspace       used 44109K, committed 44480K, reserved 1089536K
  class space    used 5444K, committed 5632K, reserved 1048576K
}
Event: 188.900 GC heap before
{Heap before GC invocations=17 (full 0):
 garbage-first heap   total 48128K, used 37601K [0x00000000c1600000, 0x0000000100000000)
  region size 1024K, 16 young (16384K), 2 survivors (2048K)
 Metaspace       used 46885K, committed 47296K, reserved 1097728K
  class space    used 5816K, committed 6016K, reserved 1048576K
}
Event: 188.928 GC heap after
{Heap after GC invocations=18 (full 0):
 garbage-first heap   total 48128K, used 24521K [0x00000000c1600000, 0x0000000100000000)
  region size 1024K, 2 young (2048K), 2 survivors (2048K)
 Metaspace       used 46885K, committed 47296K, reserved 1097728K
  class space    used 5816K, committed 6016K, reserved 1048576K
}

Deoptimization events (20 events):
Event: 176.284 Thread 0x0000000000306040 DEOPT PACKING pc=0x000000000d973074 sp=0x00000000021f7080
Event: 176.284 Thread 0x0000000000306040 DEOPT UNPACKING pc=0x0000000005c9239d sp=0x00000000021f7010 mode 2
Event: 176.284 Thread 0x0000000000306040 Uncommon trap: trap_request=0xffffff45 fr.pc=0x000000000d813d70 relative=0x00000000000000d0
Event: 176.284 Thread 0x0000000000306040 Uncommon trap: reason=unstable_if action=reinterpret pc=0x000000000d813d70 method=java.lang.ClassLoader.getClassLoadingLock(Ljava/lang/String;)Ljava/lang/Object; @ 6 c2
Event: 176.284 Thread 0x0000000000306040 DEOPT PACKING pc=0x000000000d813d70 sp=0x00000000021f6f50
Event: 176.284 Thread 0x0000000000306040 DEOPT UNPACKING pc=0x0000000005c9239d sp=0x00000000021f6ef0 mode 2
Event: 176.284 Thread 0x0000000000306040 Uncommon trap: trap_request=0xffffffc6 fr.pc=0x000000000d973074 relative=0x0000000000000194
Event: 176.284 Thread 0x0000000000306040 Uncommon trap: reason=bimorphic_or_optimized_type_check action=maybe_recompile pc=0x000000000d973074 method=java.lang.ClassLoader.loadClass(Ljava/lang/String;)Ljava/lang/Class; @ 3 c2
Event: 176.284 Thread 0x0000000000306040 DEOPT PACKING pc=0x000000000d973074 sp=0x00000000021f72c0
Event: 176.284 Thread 0x0000000000306040 DEOPT UNPACKING pc=0x0000000005c9239d sp=0x00000000021f7250 mode 2
Event: 190.679 Thread 0x0000000000306040 Uncommon trap: trap_request=0xffffffc6 fr.pc=0x000000000d973074 relative=0x0000000000000194
Event: 190.679 Thread 0x0000000000306040 Uncommon trap: reason=bimorphic_or_optimized_type_check action=maybe_recompile pc=0x000000000d973074 method=java.lang.ClassLoader.loadClass(Ljava/lang/String;)Ljava/lang/Class; @ 3 c2
Event: 190.679 Thread 0x0000000000306040 DEOPT PACKING pc=0x000000000d973074 sp=0x00000000021f9750
Event: 190.679 Thread 0x0000000000306040 DEOPT UNPACKING pc=0x0000000005c9239d sp=0x00000000021f96e0 mode 2
Event: 205.210 Thread 0x0000000000306040 Uncommon trap: trap_request=0xffffffc6 fr.pc=0x000000000d973074 relative=0x0000000000000194
Event: 205.210 Thread 0x0000000000306040 Uncommon trap: reason=bimorphic_or_optimized_type_check action=maybe_recompile pc=0x000000000d973074 method=java.lang.ClassLoader.loadClass(Ljava/lang/String;)Ljava/lang/Class; @ 3 c2
Event: 205.210 Thread 0x0000000000306040 DEOPT PACKING pc=0x000000000d973074 sp=0x00000000021fb2e0
Event: 205.210 Thread 0x0000000000306040 DEOPT UNPACKING pc=0x0000000005c9239d sp=0x00000000021fb270 mode 2
Event: 210.948 Thread 0x000000005e0a9bf0 DEOPT PACKING pc=0x0000000006bbc87a sp=0x000000005fa6f080
Event: 210.948 Thread 0x000000005e0a9bf0 DEOPT UNPACKING pc=0x0000000005c92b24 sp=0x000000005fa6e5a0 mode 0

Classes unloaded (0 events):
No events

Classes redefined (0 events):
No events

Internal exceptions (20 events):
Event: 164.761 Thread 0x0000000000306040 Exception <a 'java/lang/ClassNotFoundException'{0x00000000c418eca8}: java/lang/ObjectCustomizer> (0x00000000c418eca8) 
thrown [e:\jenkins\tmp\workspace\build\src\src\hotspot\share\classfile\systemDictionary.cpp, line 256]
Event: 164.763 Thread 0x0000000000306040 Exception <a 'java/lang/ClassNotFoundException'{0x00000000c4197c68}: org/springframework/orm/jpa/AbstractEntityManagerFactoryBeanCustomizer> (0x00000000c4197c68) 
thrown [e:\jenkins\tmp\workspace\build\src\src\hotspot\share\classfile\systemDictionary.cpp, line 256]
Event: 164.768 Thread 0x0000000000306040 Exception <a 'java/lang/ClassNotFoundException'{0x00000000c41c0fd0}: org/springframework/orm/jpa/LocalContainerEntityManagerFactoryBeanCustomizer> (0x00000000c41c0fd0) 
thrown [e:\jenkins\tmp\workspace\build\src\src\hotspot\share\classfile\systemDictionary.cpp, line 256]
Event: 164.778 Thread 0x0000000000306040 Exception <a 'java/lang/ClassNotFoundException'{0x00000000c40094b8}: org/springframework/context/ResourceLoaderAwareCustomizer> (0x00000000c40094b8) 
thrown [e:\jenkins\tmp\workspace\build\src\src\hotspot\share\classfile\systemDictionary.cpp, line 256]
Event: 164.780 Thread 0x0000000000306040 Exception <a 'java/lang/ClassNotFoundException'{0x00000000c400f950}: org/springframework/beans/factory/AwareCustomizer> (0x00000000c400f950) 
thrown [e:\jenkins\tmp\workspace\build\src\src\hotspot\share\classfile\systemDictionary.cpp, line 256]
Event: 164.781 Thread 0x0000000000306040 Exception <a 'java/lang/ClassNotFoundException'{0x00000000c40153e0}: org/springframework/context/weaving/LoadTimeWeaverAwareCustomizer> (0x00000000c40153e0) 
thrown [e:\jenkins\tmp\workspace\build\src\src\hotspot\share\classfile\systemDictionary.cpp, line 256]
Event: 164.782 Thread 0x0000000000306040 Exception <a 'java/lang/ClassNotFoundException'{0x00000000c401b950}: org/springframework/beans/factory/AwareCustomizer> (0x00000000c401b950) 
thrown [e:\jenkins\tmp\workspace\build\src\src\hotspot\share\classfile\systemDictionary.cpp, line 256]
Event: 164.783 Thread 0x0000000000306040 Exception <a 'java/lang/ClassNotFoundException'{0x00000000c4021280}: org/springframework/beans/factory/FactoryBeanCustomizer> (0x00000000c4021280) 
thrown [e:\jenkins\tmp\workspace\build\src\src\hotspot\share\classfile\systemDictionary.cpp, line 256]
Event: 164.785 Thread 0x0000000000306040 Exception <a 'java/lang/ClassNotFoundException'{0x00000000c402af48}: org/springframework/beans/factory/BeanClassLoaderAwareCustomizer> (0x00000000c402af48) 
thrown [e:\jenkins\tmp\workspace\build\src\src\hotspot\share\classfile\systemDictionary.cpp, line 256]
Event: 164.786 Thread 0x0000000000306040 Exception <a 'java/lang/ClassNotFoundException'{0x00000000c4031408}: org/springframework/beans/factory/AwareCustomizer> (0x00000000c4031408) 
thrown [e:\jenkins\tmp\workspace\build\src\src\hotspot\share\classfile\systemDictionary.cpp, line 256]
Event: 164.787 Thread 0x0000000000306040 Exception <a 'java/lang/ClassNotFoundException'{0x00000000c4036cd8}: org/springframework/beans/factory/BeanFactoryAwareCustomizer> (0x00000000c4036cd8) 
thrown [e:\jenkins\tmp\workspace\build\src\src\hotspot\share\classfile\systemDictionary.cpp, line 256]
Event: 164.789 Thread 0x0000000000306040 Exception <a 'java/lang/ClassNotFoundException'{0x00000000c403d838}: org/springframework/beans/factory/AwareCustomizer> (0x00000000c403d838) 
thrown [e:\jenkins\tmp\workspace\build\src\src\hotspot\share\classfile\systemDictionary.cpp, line 256]
Event: 164.790 Thread 0x0000000000306040 Exception <a 'java/lang/ClassNotFoundException'{0x00000000c40430d8}: org/springframework/beans/factory/BeanNameAwareCustomizer> (0x00000000c40430d8) 
thrown [e:\jenkins\tmp\workspace\build\src\src\hotspot\share\classfile\systemDictionary.cpp, line 256]
Event: 164.791 Thread 0x0000000000306040 Exception <a 'java/lang/ClassNotFoundException'{0x00000000c4049bd8}: org/springframework/beans/factory/AwareCustomizer> (0x00000000c4049bd8) 
thrown [e:\jenkins\tmp\workspace\build\src\src\hotspot\share\classfile\systemDictionary.cpp, line 256]
Event: 164.792 Thread 0x0000000000306040 Exception <a 'java/lang/ClassNotFoundException'{0x00000000c404f4a8}: org/springframework/beans/factory/InitializingBeanCustomizer> (0x00000000c404f4a8) 
thrown [e:\jenkins\tmp\workspace\build\src\src\hotspot\share\classfile\systemDictionary.cpp, line 256]
Event: 164.793 Thread 0x0000000000306040 Exception <a 'java/lang/ClassNotFoundException'{0x00000000c40555f0}: org/springframework/beans/factory/DisposableBeanCustomizer> (0x00000000c40555f0) 
thrown [e:\jenkins\tmp\workspace\build\src\src\hotspot\share\classfile\systemDictionary.cpp, line 256]
Event: 164.794 Thread 0x0000000000306040 Exception <a 'java/lang/ClassNotFoundException'{0x00000000c405bd78}: org/springframework/orm/jpa/EntityManagerFactoryInfoCustomizer> (0x00000000c405bd78) 
thrown [e:\jenkins\tmp\workspace\build\src\src\hotspot\share\classfile\systemDictionary.cpp, line 256]
Event: 164.797 Thread 0x0000000000306040 Exception <a 'java/lang/ClassNotFoundException'{0x00000000c406c198}: org/springframework/dao/support/PersistenceExceptionTranslatorCustomizer> (0x00000000c406c198) 
thrown [e:\jenkins\tmp\workspace\build\src\src\hotspot\share\classfile\systemDictionary.cpp, line 256]
Event: 210.887 Thread 0x0000000000306040 Exception <a 'java/lang/NoSuchMethodError'{0x00000000c405bd90}: 'java.lang.Object java.lang.invoke.DirectMethodHandle$Holder.invokeStaticInit(java.lang.Object, int, int, int, int)'> (0x00000000c405bd90) 
thrown [e:\jenkins\tmp\workspace\build\src\src\hotspot\share\interpreter\linkResolver.cpp, line 766]
Event: 210.999 Thread 0x0000000000306040 Exception <a 'java/lang/Error'{0x00000000c4070b68}: IP Helper Library GetIpAddrTable function failed> (0x00000000c4070b68) 
thrown [e:\jenkins\tmp\workspace\build\src\src\hotspot\share\prims\jni.cpp, line 535]

VM Operations (20 events):
Event: 186.298 Executing VM operation: Cleanup
Event: 186.298 Executing VM operation: Cleanup done
Event: 187.298 Executing VM operation: Cleanup
Event: 187.298 Executing VM operation: Cleanup done
Event: 188.900 Executing VM operation: G1CollectForAllocation
Event: 188.928 Executing VM operation: G1CollectForAllocation done
Event: 189.060 Executing VM operation: G1Concurrent
Event: 189.077 Executing VM operation: G1Concurrent done
Event: 189.149 Executing VM operation: G1Concurrent
Event: 189.149 Executing VM operation: G1Concurrent done
Event: 191.149 Executing VM operation: Cleanup
Event: 191.149 Executing VM operation: Cleanup done
Event: 200.149 Executing VM operation: Cleanup
Event: 200.149 Executing VM operation: Cleanup done
Event: 202.149 Executing VM operation: Cleanup
Event: 202.149 Executing VM operation: Cleanup done
Event: 204.149 Executing VM operation: Cleanup
Event: 204.150 Executing VM operation: Cleanup done
Event: 207.149 Executing VM operation: Cleanup
Event: 207.150 Executing VM operation: Cleanup done

Events (20 events):
Event: 210.889 loading class sun/security/provider/AbstractDrbg$SeederHolder
Event: 210.889 loading class sun/security/provider/AbstractDrbg$SeederHolder done
Event: 210.889 loading class sun/security/provider/SeedGenerator
Event: 210.890 loading class sun/security/provider/SeedGenerator done
Event: 210.890 loading class sun/security/provider/NativeSeedGenerator
Event: 210.890 loading class sun/security/provider/NativeSeedGenerator done
Event: 210.891 loading class sun/security/provider/SeedGenerator$ThreadedSeedGenerator
Event: 210.892 loading class sun/security/provider/SeedGenerator$ThreadedSeedGenerator done
Event: 210.892 loading class sun/security/provider/SHA
Event: 210.892 loading class sun/security/provider/SHA done
Event: 210.892 loading class sun/security/provider/SeedGenerator$ThreadedSeedGenerator$1
Event: 210.893 loading class sun/security/provider/SeedGenerator$ThreadedSeedGenerator$1 done
Event: 210.893 Thread 0x000000005e0a9bf0 Thread added: 0x000000005e0a9bf0
Event: 210.893 loading class sun/security/provider/SeedGenerator$1
Event: 210.894 loading class sun/security/provider/SeedGenerator$ThreadedSeedGenerator$BogusThread
Event: 210.894 loading class sun/security/provider/SeedGenerator$ThreadedSeedGenerator$BogusThread done
Event: 210.894 loading class sun/security/provider/SeedGenerator$1 done
Event: 210.894 Thread 0x000000005e8e7910 Thread added: 0x000000005e8e7910
Event: 210.894 loading class sun/security/provider/ByteArrayAccess$BE
Event: 210.894 loading class sun/security/provider/ByteArrayAccess$BE done


Dynamic libraries:
0x000000013f380000 - 0x000000013f38e000 	D:\Softwares\sts-4.13.0.RELEASE\plugins\org.eclipse.justj.openjdk.hotspot.jre.full.win32.x86_64_17.0.1.v20211116-1657\jre\bin\java.exe
0x00000000773f0000 - 0x000000007759b000 	C:\Windows\SYSTEM32\ntdll.dll
0x00000000771d0000 - 0x00000000772ef000 	C:\Windows\system32\kernel32.dll
0x000007fefd4e0000 - 0x000007fefd54c000 	C:\Windows\system32\KERNELBASE.dll
0x000007feef560000 - 0x000007feef578000 	D:\Softwares\sts-4.13.0.RELEASE\plugins\org.eclipse.justj.openjdk.hotspot.jre.full.win32.x86_64_17.0.1.v20211116-1657\jre\bin\jli.dll
0x000007fefbba0000 - 0x000007fefbd94000 	C:\Windows\WinSxS\amd64_microsoft.windows.common-controls_6595b64144ccf1df_6.0.7600.16385_none_fa645303170382f6\COMCTL32.dll
0x000007fefe7a0000 - 0x000007fefe83f000 	C:\Windows\system32\msvcrt.dll
0x000007fefdcd0000 - 0x000007fefdd37000 	C:\Windows\system32\GDI32.dll
0x00000000772f0000 - 0x00000000773ea000 	C:\Windows\system32\USER32.dll
0x000007fefd920000 - 0x000007fefd92e000 	C:\Windows\system32\LPK.dll
0x000007fefe4c0000 - 0x000007fefe58a000 	C:\Windows\system32\USP10.dll
0x000007fefe440000 - 0x000007fefe4b1000 	C:\Windows\system32\SHLWAPI.dll
0x000007fef8fe0000 - 0x000007fef8ff9000 	D:\Softwares\sts-4.13.0.RELEASE\plugins\org.eclipse.justj.openjdk.hotspot.jre.full.win32.x86_64_17.0.1.v20211116-1657\jre\bin\VCRUNTIME140.dll
0x000007fef8fd0000 - 0x000007fef8fd4000 	D:\Softwares\sts-4.13.0.RELEASE\plugins\org.eclipse.justj.openjdk.hotspot.jre.full.win32.x86_64_17.0.1.v20211116-1657\jre\bin\api-ms-win-crt-runtime-l1-1-0.dll
0x000007feef460000 - 0x000007feef55a000 	D:\Softwares\sts-4.13.0.RELEASE\plugins\org.eclipse.justj.openjdk.hotspot.jre.full.win32.x86_64_17.0.1.v20211116-1657\jre\bin\ucrtbase.DLL
0x000007feef450000 - 0x000007feef453000 	D:\Softwares\sts-4.13.0.RELEASE\plugins\org.eclipse.justj.openjdk.hotspot.jre.full.win32.x86_64_17.0.1.v20211116-1657\jre\bin\api-ms-win-core-localization-l1-2-0.dll
0x000007feef440000 - 0x000007feef443000 	D:\Softwares\sts-4.13.0.RELEASE\plugins\org.eclipse.justj.openjdk.hotspot.jre.full.win32.x86_64_17.0.1.v20211116-1657\jre\bin\api-ms-win-core-processthreads-l1-1-1.dll
0x000007feef430000 - 0x000007feef433000 	D:\Softwares\sts-4.13.0.RELEASE\plugins\org.eclipse.justj.openjdk.hotspot.jre.full.win32.x86_64_17.0.1.v20211116-1657\jre\bin\api-ms-win-core-file-l1-2-0.dll
0x000007feef420000 - 0x000007feef423000 	D:\Softwares\sts-4.13.0.RELEASE\plugins\org.eclipse.justj.openjdk.hotspot.jre.full.win32.x86_64_17.0.1.v20211116-1657\jre\bin\api-ms-win-core-timezone-l1-1-0.dll
0x000007feef410000 - 0x000007feef413000 	D:\Softwares\sts-4.13.0.RELEASE\plugins\org.eclipse.justj.openjdk.hotspot.jre.full.win32.x86_64_17.0.1.v20211116-1657\jre\bin\api-ms-win-core-file-l2-1-0.dll
0x000007feef400000 - 0x000007feef403000 	D:\Softwares\sts-4.13.0.RELEASE\plugins\org.eclipse.justj.openjdk.hotspot.jre.full.win32.x86_64_17.0.1.v20211116-1657\jre\bin\api-ms-win-core-synch-l1-2-0.dll
0x000007fef2a30000 - 0x000007fef2a33000 	D:\Softwares\sts-4.13.0.RELEASE\plugins\org.eclipse.justj.openjdk.hotspot.jre.full.win32.x86_64_17.0.1.v20211116-1657\jre\bin\api-ms-win-crt-heap-l1-1-0.dll
0x000007fef1740000 - 0x000007fef1744000 	D:\Softwares\sts-4.13.0.RELEASE\plugins\org.eclipse.justj.openjdk.hotspot.jre.full.win32.x86_64_17.0.1.v20211116-1657\jre\bin\api-ms-win-crt-string-l1-1-0.dll
0x000007fef1730000 - 0x000007fef1734000 	D:\Softwares\sts-4.13.0.RELEASE\plugins\org.eclipse.justj.openjdk.hotspot.jre.full.win32.x86_64_17.0.1.v20211116-1657\jre\bin\api-ms-win-crt-stdio-l1-1-0.dll
0x000007fef1720000 - 0x000007fef1724000 	D:\Softwares\sts-4.13.0.RELEASE\plugins\org.eclipse.justj.openjdk.hotspot.jre.full.win32.x86_64_17.0.1.v20211116-1657\jre\bin\api-ms-win-crt-convert-l1-1-0.dll
0x000007fef16e0000 - 0x000007fef16e3000 	D:\Softwares\sts-4.13.0.RELEASE\plugins\org.eclipse.justj.openjdk.hotspot.jre.full.win32.x86_64_17.0.1.v20211116-1657\jre\bin\api-ms-win-crt-environment-l1-1-0.dll
0x000007fef16d0000 - 0x000007fef16d3000 	D:\Softwares\sts-4.13.0.RELEASE\plugins\org.eclipse.justj.openjdk.hotspot.jre.full.win32.x86_64_17.0.1.v20211116-1657\jre\bin\api-ms-win-crt-filesystem-l1-1-0.dll
0x000007fef1700000 - 0x000007fef1705000 	D:\Softwares\sts-4.13.0.RELEASE\plugins\org.eclipse.justj.openjdk.hotspot.jre.full.win32.x86_64_17.0.1.v20211116-1657\jre\bin\api-ms-win-crt-math-l1-1-0.dll
0x000007feef3f0000 - 0x000007feef3f3000 	D:\Softwares\sts-4.13.0.RELEASE\plugins\org.eclipse.justj.openjdk.hotspot.jre.full.win32.x86_64_17.0.1.v20211116-1657\jre\bin\api-ms-win-crt-locale-l1-1-0.dll
0x000007fefd930000 - 0x000007fefd95e000 	C:\Windows\system32\IMM32.DLL
0x000007fefdb70000 - 0x000007fefdc79000 	C:\Windows\system32\MSCTF.dll
0x000007fef1710000 - 0x000007fef171c000 	D:\Softwares\sts-4.13.0.RELEASE\plugins\org.eclipse.justj.openjdk.hotspot.jre.full.win32.x86_64_17.0.1.v20211116-1657\jre\bin\vcruntime140_1.dll
0x000007feef350000 - 0x000007feef3e1000 	D:\Softwares\sts-4.13.0.RELEASE\plugins\org.eclipse.justj.openjdk.hotspot.jre.full.win32.x86_64_17.0.1.v20211116-1657\jre\bin\msvcp140.dll
0x000007fef16c0000 - 0x000007fef16c3000 	D:\Softwares\sts-4.13.0.RELEASE\plugins\org.eclipse.justj.openjdk.hotspot.jre.full.win32.x86_64_17.0.1.v20211116-1657\jre\bin\api-ms-win-crt-time-l1-1-0.dll
0x000007fef16f0000 - 0x000007fef16f3000 	D:\Softwares\sts-4.13.0.RELEASE\plugins\org.eclipse.justj.openjdk.hotspot.jre.full.win32.x86_64_17.0.1.v20211116-1657\jre\bin\api-ms-win-crt-utility-l1-1-0.dll
0x000007feef820000 - 0x000007fef0466000 	D:\Softwares\sts-4.13.0.RELEASE\plugins\org.eclipse.justj.openjdk.hotspot.jre.full.win32.x86_64_17.0.1.v20211116-1657\jre\bin\server\jvm.dll
0x000007fefd730000 - 0x000007fefd80b000 	C:\Windows\system32\ADVAPI32.dll
0x000007fefd8b0000 - 0x000007fefd8cf000 	C:\Windows\SYSTEM32\sechost.dll
0x000007fefe590000 - 0x000007fefe6be000 	C:\Windows\system32\RPCRT4.dll
0x000007fef70e0000 - 0x000007fef70e9000 	C:\Windows\system32\WSOCK32.dll
0x000007fefd8d0000 - 0x000007fefd91d000 	C:\Windows\system32\WS2_32.dll
0x000007fefd720000 - 0x000007fefd728000 	C:\Windows\system32\NSI.dll
0x000007fefb230000 - 0x000007fefb26b000 	C:\Windows\system32\WINMM.dll
0x000007fefc4c0000 - 0x000007fefc4cc000 	C:\Windows\system32\VERSION.dll
0x00000000775c0000 - 0x00000000775c7000 	C:\Windows\system32\PSAPI.DLL
0x000007fef16b0000 - 0x000007fef16ba000 	D:\Softwares\sts-4.13.0.RELEASE\plugins\org.eclipse.justj.openjdk.hotspot.jre.full.win32.x86_64_17.0.1.v20211116-1657\jre\bin\jimage.dll
0x000007fef7790000 - 0x000007fef78b5000 	C:\Windows\system32\DBGHELP.DLL
0x000007feef6f0000 - 0x000007feef715000 	D:\Softwares\sts-4.13.0.RELEASE\plugins\org.eclipse.justj.openjdk.hotspot.jre.full.win32.x86_64_17.0.1.v20211116-1657\jre\bin\java.dll
0x000007feef6d0000 - 0x000007feef6e8000 	D:\Softwares\sts-4.13.0.RELEASE\plugins\org.eclipse.justj.openjdk.hotspot.jre.full.win32.x86_64_17.0.1.v20211116-1657\jre\bin\zip.dll
0x000007fefe840000 - 0x000007feff5c6000 	C:\Windows\system32\SHELL32.dll
0x000007fefd960000 - 0x000007fefdb61000 	C:\Windows\system32\ole32.dll
0x000007fefd350000 - 0x000007fefd35f000 	C:\Windows\system32\profapi.dll
0x000007feef6b0000 - 0x000007feef6c9000 	D:\Softwares\sts-4.13.0.RELEASE\plugins\org.eclipse.justj.openjdk.hotspot.jre.full.win32.x86_64_17.0.1.v20211116-1657\jre\bin\net.dll
0x000007fef9b60000 - 0x000007fef9bce000 	C:\Windows\system32\WINHTTP.dll
0x000007fef99d0000 - 0x000007fef9a34000 	C:\Windows\system32\webio.dll
0x000007fefcbc0000 - 0x000007fefcc14000 	C:\Windows\system32\mswsock.dll
0x000007fefcbb0000 - 0x000007fefcbb7000 	C:\Windows\System32\wship6.dll
0x000007feef690000 - 0x000007feef6a5000 	D:\Softwares\sts-4.13.0.RELEASE\plugins\org.eclipse.justj.openjdk.hotspot.jre.full.win32.x86_64_17.0.1.v20211116-1657\jre\bin\nio.dll
0x000007feef320000 - 0x000007feef329000 	D:\Softwares\sts-4.13.0.RELEASE\plugins\org.eclipse.justj.openjdk.hotspot.jre.full.win32.x86_64_17.0.1.v20211116-1657\jre\bin\management.dll
0x000007feef330000 - 0x000007feef33b000 	D:\Softwares\sts-4.13.0.RELEASE\plugins\org.eclipse.justj.openjdk.hotspot.jre.full.win32.x86_64_17.0.1.v20211116-1657\jre\bin\management_ext.dll
0x000007fef16a0000 - 0x000007fef16b0000 	D:\Softwares\sts-4.13.0.RELEASE\plugins\org.eclipse.justj.openjdk.hotspot.jre.full.win32.x86_64_17.0.1.v20211116-1657\jre\bin\verify.dll
0x000007fefd220000 - 0x000007fefd277000 	C:\Windows\system32\apphelp.dll
0x000007fefae00000 - 0x000007fefae27000 	C:\Windows\system32\IPHLPAPI.DLL
0x000007fefadf0000 - 0x000007fefadfb000 	C:\Windows\system32\WINNSI.DLL
0x000007fefabf0000 - 0x000007fefac08000 	C:\Windows\system32\dhcpcsvc.DLL
0x000007fefabd0000 - 0x000007fefabe1000 	C:\Windows\system32\dhcpcsvc6.DLL
0x000007fefca40000 - 0x000007fefca9b000 	C:\Windows\system32\DNSAPI.dll
0x000007fefc590000 - 0x000007fefc597000 	C:\Windows\System32\wshtcpip.dll
0x000007fef9000000 - 0x000007fef9008000 	C:\Windows\system32\rasadhlp.dll
0x000007fefac90000 - 0x000007feface3000 	C:\Windows\System32\fwpuclnt.dll
0x000007fefb100000 - 0x000007fefb115000 	C:\Windows\system32\NLAapi.dll
0x000007fef8a10000 - 0x000007fef8a1b000 	C:\Windows\System32\winrnr.dll
0x000007fef89f0000 - 0x000007fef8a05000 	C:\Windows\system32\napinsp.dll
0x000007fef89d0000 - 0x000007fef89e9000 	C:\Windows\system32\pnrpnsp.dll
0x000007fefcc20000 - 0x000007fefcc37000 	C:\Windows\system32\CRYPTSP.dll

dbghelp: loaded successfully - version: 4.0.5 - missing functions: none
symbol engine: initialized successfully - sym options: 0x614 - pdb path: .;D:\Softwares\sts-4.13.0.RELEASE\plugins\org.eclipse.justj.openjdk.hotspot.jre.full.win32.x86_64_17.0.1.v20211116-1657\jre\bin;C:\Windows\SYSTEM32;C:\Windows\WinSxS\amd64_microsoft.windows.common-controls_6595b64144ccf1df_6.0.7600.16385_none_fa645303170382f6;D:\Softwares\sts-4.13.0.RELEASE\plugins\org.eclipse.justj.openjdk.hotspot.jre.full.win32.x86_64_17.0.1.v20211116-1657\jre\bin\server

VM Arguments:
java_command: C:\Users\Anirban\AppData\Local\Temp\surefire11676426348119855204\surefirebooter14766666145635636374.jar C:\Users\Anirban\AppData\Local\Temp\surefire11676426348119855204 2022-04-07T14-17-09_519-jvmRun1 surefire5930310564024898592tmp surefire_0669260714141196680tmp
java_class_path (initial): C:\Users\Anirban\AppData\Local\Temp\surefire11676426348119855204\surefirebooter14766666145635636374.jar
Launcher Type: SUN_STANDARD

[Global flags]
     intx CICompilerCount                          = 3                                         {product} {ergonomic}
     uint ConcGCThreads                            = 1                                         {product} {ergonomic}
     uint G1ConcRefinementThreads                  = 4                                         {product} {ergonomic}
   size_t G1HeapRegionSize                         = 1048576                                   {product} {ergonomic}
    uintx GCDrainStackTargetSize                   = 64                                        {product} {ergonomic}
   size_t InitialHeapSize                          = 67108864                                  {product} {ergonomic}
   size_t MarkStackSize                            = 4194304                                   {product} {ergonomic}
   size_t MaxHeapSize                              = 1050673152                                {product} {ergonomic}
   size_t MaxNewSize                               = 630194176                                 {product} {ergonomic}
   size_t MinHeapDeltaBytes                        = 1048576                                   {product} {ergonomic}
   size_t MinHeapSize                              = 8388608                                   {product} {ergonomic}
    uintx NonNMethodCodeHeapSize                   = 5832780                                {pd product} {ergonomic}
    uintx NonProfiledCodeHeapSize                  = 122912730                              {pd product} {ergonomic}
    uintx ProfiledCodeHeapSize                     = 122912730                              {pd product} {ergonomic}
    uintx ReservedCodeCacheSize                    = 251658240                              {pd product} {ergonomic}
     bool SegmentedCodeCache                       = true                                      {product} {ergonomic}
   size_t SoftMaxHeapSize                          = 1050673152                             {manageable} {ergonomic}
     bool UseCompressedClassPointers               = true                           {product lp64_product} {ergonomic}
     bool UseCompressedOops                        = true                           {product lp64_product} {ergonomic}
     bool UseG1GC                                  = true                                      {product} {ergonomic}
     bool UseLargePagesIndividualAllocation        = false                                  {pd product} {ergonomic}

Logging:
Log output configuration:
 #0: stdout all=warning uptime,level,tags
 #1: stderr all=off uptime,level,tags

Environment Variables:
JAVA_HOME=C:\Program Files (x86)\Java\bin
PATH=D:/Softwares/sts-4.13.0.RELEASE//plugins/org.eclipse.justj.openjdk.hotspot.jre.full.win32.x86_64_17.0.1.v20211116-1657/jre/bin/server;D:/Softwares/sts-4.13.0.RELEASE//plugins/org.eclipse.justj.openjdk.hotspot.jre.full.win32.x86_64_17.0.1.v20211116-1657/jre/bin;C:\oraclexe\app\oracle\product\10.2.0\server\bin;C:\Users\Anirban\Downloads\WINDOWS.X64_193000_db_home\bin;C:\Program Files (x86)\Common Files\Oracle\Java\javapath;C:\Windows\system32;C:\Windows;C:\Windows\System32\Wbem;C:\Windows\System32\WindowsPowerShell\v1.0\;C:\Program Files (x86)\Java\bin;D:\Softwares\sts-4.13.0.RELEASE;
USERNAME=Anirban
OS=Windows_NT
PROCESSOR_IDENTIFIER=Intel64 Family 6 Model 42 Stepping 7, GenuineIntel



---------------  S Y S T E M  ---------------

OS:
 Windows 7 , 64 bit Build 7600 (6.1.7600.17135)
OS uptime: 0 days 1:05 hours

CPU: total 4 (initial active 4) (2 cores per cpu, 2 threads per core) family 6 model 42 stepping 7 microcode 0x0, cx8, cmov, fxsr, ht, mmx, sse, sse2, sse3, ssse3, sse4.1, sse4.2, popcnt, tsc, tscinvbit, clmul, clflush

Memory: 4k page, system-wide physical 4007M (518M free)
TotalPageFile size 8448M (AvailPageFile size 1218M)
current process WorkingSet (physical memory assigned to process): 172M, peak: 209M
current process commit charge ("private bytes"): 202M, peak: 242M

vm_info: OpenJDK 64-Bit Server VM (17.0.1+12) for windows-amd64 JRE (17.0.1+12), built on Oct 20 2021 07:42:55 by "" with MS VC++ 16.7 (VS2019)

END.
